============================================================
  Generated by:           Genus(TM) Synthesis Solution 21.14-s082_1
  Generated on:           May 19 2026  11:34:53 am
  Module:                 fifo_sync
  Operating conditions:   slow (balanced_tree)
  Wireload mode:          enclosed
  Area mode:              timing library
============================================================


Path 1: MET (7178 ps) Setup Check with Pin fifo_reg[4][28]/CK->S0
          Group: clk
     Startpoint: (R) write_pointer_reg[3]/CK
          Clock: (R) clk
       Endpoint: (F) fifo_reg[4][28]/S0
          Clock: (R) clk

                     Capture       Launch     
        Clock Edge:+   10000            0     
       Src Latency:+       0            0     
       Net Latency:+       0 (I)        0 (I) 
           Arrival:=   10000            0     
                                              
             Setup:-     630                  
       Uncertainty:-      10                  
     Required Time:=    9360                  
      Launch Clock:-       0                  
         Data Path:-    2182                  
             Slack:=    7178                  

#--------------------------------------------------------------------------------------------------
#      Timing Point       Flags    Arc   Edge   Cell     Fanout  Load Trans Delay Arrival Instance 
#                                                                (fF)  (ps)  (ps)   (ps)  Location 
#--------------------------------------------------------------------------------------------------
  write_pointer_reg[3]/CK -       -      R     (arrival)    296     -   100     0       0    (-,-) 
  write_pointer_reg[3]/Q  -       CK->Q  R     SDFFRHQX1      5  22.0   204   461     461    (-,-) 
  g8159__1617/Y           -       S0->Y  R     MXI2XL         4   6.7   242   252     714    (-,-) 
  g8145__9945/Y           -       B->Y   F     NAND2XL        5  11.6   309   268     982    (-,-) 
  g8129__5122/Y           -       B->Y   R     NOR2XL         3   6.0   232   236    1218    (-,-) 
  g8122/Y                 -       A->Y   F     CLKINVX1       2  12.6   137   128    1347    (-,-) 
  g8098__7098/Y           -       A0N->Y F     OAI2BB1X2     32 153.6  1035   835    2182    (-,-) 
  fifo_reg[4][28]/S0      <<<     -      F     SMDFFHQX1     32     -     -     0    2182    (-,-) 
#--------------------------------------------------------------------------------------------------

